<?xml version="1.0" encoding="UTF-8"?>
<testsuite xmlns:xsi="http://www.w3.org/2001/XMLSchema-instance" xsi:noNamespaceSchemaLocation="https://maven.apache.org/surefire/maven-surefire-plugin/xsd/surefire-test-report-3.0.xsd" version="3.0" name="com.test.Livros.Teste_AcessoLivros" time="0.138" tests="1" errors="0" skipped="0" failures="0">
  <properties>
    <property name="java.specification.version" value="22"/>
    <property name="sun.cpu.isalist" value="amd64"/>
    <property name="sun.jnu.encoding" value="Cp1252"/>
    <property name="java.class.path" value="C:\Users\arthu\OneDrive\Documentos\NetBeansProjects\Aplicativo_Leitura_De_Livros\target\test-classes;C:\Users\arthu\OneDrive\Documentos\NetBeansProjects\Aplicativo_Leitura_De_Livros\target\classes;C:\Users\arthu\.m2\repository\org\openjfx\javafx-controls\20\javafx-controls-20.jar;C:\Users\arthu\.m2\repository\org\openjfx\javafx-controls\20\javafx-controls-20-win.jar;C:\Users\arthu\.m2\repository\org\openjfx\javafx-fxml\20\javafx-fxml-20.jar;C:\Users\arthu\.m2\repository\org\openjfx\javafx-fxml\20\javafx-fxml-20-win.jar;C:\Users\arthu\.m2\repository\org\openjfx\javafx-graphics\24-ea+15\javafx-graphics-24-ea+15.jar;C:\Users\arthu\.m2\repository\org\openjfx\javafx-graphics\24-ea+15\javafx-graphics-24-ea+15-win.jar;C:\Users\arthu\.m2\repository\org\openjfx\javafx-base\24-ea+15\javafx-base-24-ea+15.jar;C:\Users\arthu\.m2\repository\org\openjfx\javafx-base\24-ea+15\javafx-base-24-ea+15-win.jar;C:\Users\arthu\.m2\repository\org\junit\jupiter\junit-jupiter-engine\5.9.1\junit-jupiter-engine-5.9.1.jar;C:\Users\arthu\.m2\repository\org\junit\platform\junit-platform-engine\1.9.1\junit-platform-engine-1.9.1.jar;C:\Users\arthu\.m2\repository\org\opentest4j\opentest4j\1.2.0\opentest4j-1.2.0.jar;C:\Users\arthu\.m2\repository\org\junit\platform\junit-platform-commons\1.9.1\junit-platform-commons-1.9.1.jar;C:\Users\arthu\.m2\repository\org\junit\jupiter\junit-jupiter-api\5.9.1\junit-jupiter-api-5.9.1.jar;C:\Users\arthu\.m2\repository\org\apiguardian\apiguardian-api\1.1.2\apiguardian-api-1.1.2.jar;C:\Users\arthu\.m2\repository\org\junit\vintage\junit-vintage-engine\5.9.1\junit-vintage-engine-5.9.1.jar;C:\Users\arthu\.m2\repository\junit\junit\4.13.2\junit-4.13.2.jar;C:\Users\arthu\.m2\repository\org\hamcrest\hamcrest-core\1.3\hamcrest-core-1.3.jar;C:\Users\arthu\.m2\repository\org\apache\pdfbox\pdfbox\2.0.7\pdfbox-2.0.7.jar;C:\Users\arthu\.m2\repository\commons-logging\commons-logging\1.2\commons-logging-1.2.jar;C:\Users\arthu\.m2\repository\org\apache\pdfbox\fontbox\2.0.7\fontbox-2.0.7.jar;C:\Users\arthu\.m2\repository\org\apache\pdfbox\pdfbox-tools\2.0.15\pdfbox-tools-2.0.15.jar;C:\Users\arthu\.m2\repository\org\apache\pdfbox\pdfbox-debugger\2.0.15\pdfbox-debugger-2.0.15.jar;"/>
    <property name="java.vm.vendor" value="Oracle Corporation"/>
    <property name="sun.arch.data.model" value="64"/>
    <property name="user.variant" value=""/>
    <property name="java.vendor.url" value="https://java.oracle.com/"/>
    <property name="user.timezone" value="America/Sao_Paulo"/>
    <property name="os.name" value="Windows 11"/>
    <property name="java.vm.specification.version" value="22"/>
    <property name="user.country" value="BR"/>
    <property name="sun.java.launcher" value="SUN_STANDARD"/>
    <property name="sun.boot.library.path" value="C:\Program Files\Java\jdk-22\bin"/>
    <property name="sun.java.command" value="C:\Users\arthu\AppData\Local\Temp\surefire8457544365147076651\surefirebooter-20241121143858210_3.jar C:\Users\arthu\AppData\Local\Temp\surefire8457544365147076651 2024-11-21T14-38-57_268-jvmRun1 surefire-20241121143858210_1tmp surefire_0-20241121143858210_2tmp"/>
    <property name="jdk.debug" value="release"/>
    <property name="test" value="com.test.Livros.Teste_AcessoLivros#teste_acharPDFs"/>
    <property name="surefire.test.class.path" value="C:\Users\arthu\OneDrive\Documentos\NetBeansProjects\Aplicativo_Leitura_De_Livros\target\test-classes;C:\Users\arthu\OneDrive\Documentos\NetBeansProjects\Aplicativo_Leitura_De_Livros\target\classes;C:\Users\arthu\.m2\repository\org\openjfx\javafx-controls\20\javafx-controls-20.jar;C:\Users\arthu\.m2\repository\org\openjfx\javafx-controls\20\javafx-controls-20-win.jar;C:\Users\arthu\.m2\repository\org\openjfx\javafx-fxml\20\javafx-fxml-20.jar;C:\Users\arthu\.m2\repository\org\openjfx\javafx-fxml\20\javafx-fxml-20-win.jar;C:\Users\arthu\.m2\repository\org\openjfx\javafx-graphics\24-ea+15\javafx-graphics-24-ea+15.jar;C:\Users\arthu\.m2\repository\org\openjfx\javafx-graphics\24-ea+15\javafx-graphics-24-ea+15-win.jar;C:\Users\arthu\.m2\repository\org\openjfx\javafx-base\24-ea+15\javafx-base-24-ea+15.jar;C:\Users\arthu\.m2\repository\org\openjfx\javafx-base\24-ea+15\javafx-base-24-ea+15-win.jar;C:\Users\arthu\.m2\repository\org\junit\jupiter\junit-jupiter-engine\5.9.1\junit-jupiter-engine-5.9.1.jar;C:\Users\arthu\.m2\repository\org\junit\platform\junit-platform-engine\1.9.1\junit-platform-engine-1.9.1.jar;C:\Users\arthu\.m2\repository\org\opentest4j\opentest4j\1.2.0\opentest4j-1.2.0.jar;C:\Users\arthu\.m2\repository\org\junit\platform\junit-platform-commons\1.9.1\junit-platform-commons-1.9.1.jar;C:\Users\arthu\.m2\repository\org\junit\jupiter\junit-jupiter-api\5.9.1\junit-jupiter-api-5.9.1.jar;C:\Users\arthu\.m2\repository\org\apiguardian\apiguardian-api\1.1.2\apiguardian-api-1.1.2.jar;C:\Users\arthu\.m2\repository\org\junit\vintage\junit-vintage-engine\5.9.1\junit-vintage-engine-5.9.1.jar;C:\Users\arthu\.m2\repository\junit\junit\4.13.2\junit-4.13.2.jar;C:\Users\arthu\.m2\repository\org\hamcrest\hamcrest-core\1.3\hamcrest-core-1.3.jar;C:\Users\arthu\.m2\repository\org\apache\pdfbox\pdfbox\2.0.7\pdfbox-2.0.7.jar;C:\Users\arthu\.m2\repository\commons-logging\commons-logging\1.2\commons-logging-1.2.jar;C:\Users\arthu\.m2\repository\org\apache\pdfbox\fontbox\2.0.7\fontbox-2.0.7.jar;C:\Users\arthu\.m2\repository\org\apache\pdfbox\pdfbox-tools\2.0.15\pdfbox-tools-2.0.15.jar;C:\Users\arthu\.m2\repository\org\apache\pdfbox\pdfbox-debugger\2.0.15\pdfbox-debugger-2.0.15.jar;"/>
    <property name="sun.cpu.endian" value="little"/>
    <property name="user.home" value="C:\Users\arthu"/>
    <property name="user.language" value="pt"/>
    <property name="java.specification.vendor" value="Oracle Corporation"/>
    <property name="java.version.date" value="2024-04-16"/>
    <property name="java.home" value="C:\Program Files\Java\jdk-22"/>
    <property name="file.separator" value="\"/>
    <property name="basedir" value="C:\Users\arthu\OneDrive\Documentos\NetBeansProjects\Aplicativo_Leitura_De_Livros"/>
    <property name="java.vm.compressedOopsMode" value="Zero based"/>
    <property name="line.separator" value="&#10;"/>
    <property name="java.vm.specification.vendor" value="Oracle Corporation"/>
    <property name="java.specification.name" value="Java Platform API Specification"/>
    <property name="surefire.real.class.path" value="C:\Users\arthu\AppData\Local\Temp\surefire8457544365147076651\surefirebooter-20241121143858210_3.jar"/>
    <property name="user.script" value=""/>
    <property name="sun.management.compiler" value="HotSpot 64-Bit Tiered Compilers"/>
    <property name="java.runtime.version" value="22.0.1+8-16"/>
    <property name="user.name" value="arthu"/>
    <property name="stdout.encoding" value="Cp1252"/>
    <property name="path.separator" value=";"/>
    <property name="os.version" value="10.0"/>
    <property name="java.runtime.name" value="Java(TM) SE Runtime Environment"/>
    <property name="file.encoding" value="UTF-8"/>
    <property name="java.vm.name" value="Java HotSpot(TM) 64-Bit Server VM"/>
    <property name="maven.ext.class.path" value="C:\Program Files\NetBeans-21\netbeans\java\maven-nblib\netbeans-eventspy.jar"/>
    <property name="localRepository" value="C:\Users\arthu\.m2\repository"/>
    <property name="java.vendor.url.bug" value="https://bugreport.java.com/bugreport/"/>
    <property name="java.io.tmpdir" value="C:\Users\arthu\AppData\Local\Temp\"/>
    <property name="java.version" value="22.0.1"/>
    <property name="user.dir" value="C:\Users\arthu\OneDrive\Documentos\NetBeansProjects\Aplicativo_Leitura_De_Livros"/>
    <property name="os.arch" value="amd64"/>
    <property name="java.vm.specification.name" value="Java Virtual Machine Specification"/>
    <property name="sun.os.patch.level" value=""/>
    <property name="native.encoding" value="Cp1252"/>
    <property name="java.library.path" value="C:\Program Files\Java\jdk-22\bin;C:\WINDOWS\Sun\Java\bin;C:\WINDOWS\system32;C:\WINDOWS;C:\Program Files\Common Files\Oracle\Java\javapath;C:\windows\system32;C:\windows;C:\windows\System32\Wbem;C:\windows\System32\WindowsPowerShell\v1.0\;C:\windows\System32\OpenSSH\;C:\Program Files (x86)\NVIDIA Corporation\PhysX\Common;C:\Program Files\NVIDIA Corporation\NVIDIA NvDLISR;C:\WINDOWS\system32;C:\WINDOWS;C:\WINDOWS\System32\Wbem;C:\WINDOWS\System32\WindowsPowerShell\v1.0\;C:\WINDOWS\System32\OpenSSH\;C:\Program Files\nodejs\;C:\Program Files\Git\cmd;C:\Users\arthu\OneDrive\Documentos\apache-maven-3.9.6\bin;;C:\Program Files\Docker\Docker\resources\bin;C:\Users\arthu\AppData\Local\Programs\Python\Launcher\;C:\Program Files\MySQL\MySQL Shell 8.0\bin\;C:\Users\arthu\AppData\Local\Microsoft\WindowsApps;C:\Users\arthu\AppData\Local\Programs\Microsoft VS Code\bin;C:\Users\arthu\AppData\Roaming\npm;C:\Users\arthu\OneDrive\Documentos\apache-maven-3.9.6\bin;;."/>
    <property name="java.vm.info" value="mixed mode, sharing"/>
    <property name="stderr.encoding" value="Cp1252"/>
    <property name="java.vendor" value="Oracle Corporation"/>
    <property name="java.vm.version" value="22.0.1+8-16"/>
    <property name="sun.io.unicode.encoding" value="UnicodeLittle"/>
    <property name="java.class.version" value="66.0"/>
  </properties>
  <testcase name="teste_acharPDFs" classname="com.test.Livros.Teste_AcessoLivros" time="0.083">
    <system-out><![CDATA[HÃ¡ um total de: 0 Livros
]]></system-out>
  </testcase>
</testsuite>