<?xml version="1.0" encoding="UTF-8"?>
<testsuite xmlns:xsi="http://www.w3.org/2001/XMLSchema-instance" xsi:noNamespaceSchemaLocation="https://maven.apache.org/surefire/maven-surefire-plugin/xsd/surefire-test-report-3.0.xsd" version="3.0" name="com.test.Livros.Test_LeituraLivro" time="0.092" tests="5" errors="0" skipped="0" failures="0">
  <properties>
    <property name="java.specification.version" value="22"/>
    <property name="sun.cpu.isalist" value="amd64"/>
    <property name="sun.jnu.encoding" value="Cp1252"/>
    <property name="java.class.path" value="C:\Users\arthu\OneDrive\Documentos\NetBeansProjects\Aplicativo_Leitura_De_Livros\target\test-classes;C:\Users\arthu\OneDrive\Documentos\NetBeansProjects\Aplicativo_Leitura_De_Livros\target\classes;C:\Users\arthu\.m2\repository\org\openjfx\javafx-controls\20\javafx-controls-20.jar;C:\Users\arthu\.m2\repository\org\openjfx\javafx-controls\20\javafx-controls-20-win.jar;C:\Users\arthu\.m2\repository\org\openjfx\javafx-fxml\20\javafx-fxml-20.jar;C:\Users\arthu\.m2\repository\org\openjfx\javafx-fxml\20\javafx-fxml-20-win.jar;C:\Users\arthu\.m2\repository\org\openjfx\javafx-graphics\20\javafx-graphics-20.jar;C:\Users\arthu\.m2\repository\org\openjfx\javafx-graphics\20\javafx-graphics-20-win.jar;C:\Users\arthu\.m2\repository\org\openjfx\javafx-base\20\javafx-base-20.jar;C:\Users\arthu\.m2\repository\org\openjfx\javafx-base\20\javafx-base-20-win.jar;C:\Users\arthu\.m2\repository\org\apache\pdfbox\pdfbox\3.0.1\pdfbox-3.0.1.jar;C:\Users\arthu\.m2\repository\org\apache\pdfbox\pdfbox-io\3.0.1\pdfbox-io-3.0.1.jar;C:\Users\arthu\.m2\repository\org\apache\pdfbox\fontbox\3.0.1\fontbox-3.0.1.jar;C:\Users\arthu\.m2\repository\commons-logging\commons-logging\1.2\commons-logging-1.2.jar;C:\Users\arthu\.m2\repository\org\junit\jupiter\junit-jupiter\5.10.1\junit-jupiter-5.10.1.jar;C:\Users\arthu\.m2\repository\org\junit\jupiter\junit-jupiter-params\5.10.1\junit-jupiter-params-5.10.1.jar;C:\Users\arthu\.m2\repository\org\junit\jupiter\junit-jupiter-engine\5.9.1\junit-jupiter-engine-5.9.1.jar;C:\Users\arthu\.m2\repository\org\junit\platform\junit-platform-engine\1.9.1\junit-platform-engine-1.9.1.jar;C:\Users\arthu\.m2\repository\org\opentest4j\opentest4j\1.2.0\opentest4j-1.2.0.jar;C:\Users\arthu\.m2\repository\org\junit\platform\junit-platform-commons\1.9.1\junit-platform-commons-1.9.1.jar;C:\Users\arthu\.m2\repository\org\junit\jupiter\junit-jupiter-api\5.9.1\junit-jupiter-api-5.9.1.jar;C:\Users\arthu\.m2\repository\org\apiguardian\apiguardian-api\1.1.2\apiguardian-api-1.1.2.jar;C:\Users\arthu\.m2\repository\org\junit\vintage\junit-vintage-engine\5.9.1\junit-vintage-engine-5.9.1.jar;C:\Users\arthu\.m2\repository\junit\junit\4.13.2\junit-4.13.2.jar;C:\Users\arthu\.m2\repository\org\hamcrest\hamcrest-core\1.3\hamcrest-core-1.3.jar;C:\Users\arthu\.m2\repository\org\apache\pdfbox\pdfbox-tools\3.0.3\pdfbox-tools-3.0.3.jar;C:\Users\arthu\.m2\repository\org\apache\pdfbox\pdfbox-debugger\3.0.3\pdfbox-debugger-3.0.3.jar;C:\Users\arthu\.m2\repository\commons-io\commons-io\2.16.1\commons-io-2.16.1.jar;C:\Users\arthu\.m2\repository\info\picocli\picocli\4.7.6\picocli-4.7.6.jar;C:\Users\arthu\.m2\repository\org\apache\pdfbox\jbig2-imageio\3.0.3\jbig2-imageio-3.0.3.jar;C:\Users\arthu\.m2\repository\com\github\jai-imageio\jai-imageio-core\1.4.0\jai-imageio-core-1.4.0.jar;C:\Users\arthu\.m2\repository\com\twelvemonkeys\imageio\imageio-jpeg\3.12.0\imageio-jpeg-3.12.0.jar;C:\Users\arthu\.m2\repository\com\twelvemonkeys\imageio\imageio-core\3.12.0\imageio-core-3.12.0.jar;C:\Users\arthu\.m2\repository\com\twelvemonkeys\imageio\imageio-metadata\3.12.0\imageio-metadata-3.12.0.jar;C:\Users\arthu\.m2\repository\com\twelvemonkeys\common\common-lang\3.12.0\common-lang-3.12.0.jar;C:\Users\arthu\.m2\repository\com\twelvemonkeys\common\common-io\3.12.0\common-io-3.12.0.jar;C:\Users\arthu\.m2\repository\com\twelvemonkeys\common\common-image\3.12.0\common-image-3.12.0.jar;C:\Users\arthu\.m2\repository\org\bouncycastle\bcprov-jdk18on\1.78.1\bcprov-jdk18on-1.78.1.jar;C:\Users\arthu\.m2\repository\org\bouncycastle\bcmail-jdk18on\1.78.1\bcmail-jdk18on-1.78.1.jar;C:\Users\arthu\.m2\repository\org\bouncycastle\bcutil-jdk18on\1.78.1\bcutil-jdk18on-1.78.1.jar;C:\Users\arthu\.m2\repository\org\bouncycastle\bcpkix-jdk18on\1.78.1\bcpkix-jdk18on-1.78.1.jar;C:\Users\arthu\.m2\repository\javax\xml\bind\jaxb-api\2.3.1\jaxb-api-2.3.1.jar;C:\Users\arthu\.m2\repository\javax\activation\javax.activation-api\1.2.0\javax.activation-api-1.2.0.jar;C:\Users\arthu\.m2\repository\javax\activation\activation\1.1.1\activation-1.1.1.jar;C:\Users\arthu\.m2\repository\com\github\jai-imageio\jai-imageio-jpeg2000\1.4.0\jai-imageio-jpeg2000-1.4.0.jar;C:\Users\arthu\.m2\repository\org\netbeans\external\AbsoluteLayout\RELEASE210\AbsoluteLayout-RELEASE210.jar;"/>
    <property name="java.vm.vendor" value="Oracle Corporation"/>
    <property name="sun.arch.data.model" value="64"/>
    <property name="user.variant" value=""/>
    <property name="java.vendor.url" value="https://java.oracle.com/"/>
    <property name="user.timezone" value="America/Sao_Paulo"/>
    <property name="os.name" value="Windows 11"/>
    <property name="java.vm.specification.version" value="22"/>
    <property name="sun.java.launcher" value="SUN_STANDARD"/>
    <property name="user.country" value="BR"/>
    <property name="sun.boot.library.path" value="C:\Program Files\Java\jdk-22\bin"/>
    <property name="sun.java.command" value="C:\Users\arthu\AppData\Local\Temp\surefire2402712594503395274\surefirebooter-20241212113253534_3.jar C:\Users\arthu\AppData\Local\Temp\surefire2402712594503395274 2024-12-12T11-32-52_730-jvmRun1 surefire-20241212113253534_1tmp surefire_0-20241212113253534_2tmp"/>
    <property name="jdk.debug" value="release"/>
    <property name="surefire.test.class.path" value="C:\Users\arthu\OneDrive\Documentos\NetBeansProjects\Aplicativo_Leitura_De_Livros\target\test-classes;C:\Users\arthu\OneDrive\Documentos\NetBeansProjects\Aplicativo_Leitura_De_Livros\target\classes;C:\Users\arthu\.m2\repository\org\openjfx\javafx-controls\20\javafx-controls-20.jar;C:\Users\arthu\.m2\repository\org\openjfx\javafx-controls\20\javafx-controls-20-win.jar;C:\Users\arthu\.m2\repository\org\openjfx\javafx-fxml\20\javafx-fxml-20.jar;C:\Users\arthu\.m2\repository\org\openjfx\javafx-fxml\20\javafx-fxml-20-win.jar;C:\Users\arthu\.m2\repository\org\openjfx\javafx-graphics\20\javafx-graphics-20.jar;C:\Users\arthu\.m2\repository\org\openjfx\javafx-graphics\20\javafx-graphics-20-win.jar;C:\Users\arthu\.m2\repository\org\openjfx\javafx-base\20\javafx-base-20.jar;C:\Users\arthu\.m2\repository\org\openjfx\javafx-base\20\javafx-base-20-win.jar;C:\Users\arthu\.m2\repository\org\apache\pdfbox\pdfbox\3.0.1\pdfbox-3.0.1.jar;C:\Users\arthu\.m2\repository\org\apache\pdfbox\pdfbox-io\3.0.1\pdfbox-io-3.0.1.jar;C:\Users\arthu\.m2\repository\org\apache\pdfbox\fontbox\3.0.1\fontbox-3.0.1.jar;C:\Users\arthu\.m2\repository\commons-logging\commons-logging\1.2\commons-logging-1.2.jar;C:\Users\arthu\.m2\repository\org\junit\jupiter\junit-jupiter\5.10.1\junit-jupiter-5.10.1.jar;C:\Users\arthu\.m2\repository\org\junit\jupiter\junit-jupiter-params\5.10.1\junit-jupiter-params-5.10.1.jar;C:\Users\arthu\.m2\repository\org\junit\jupiter\junit-jupiter-engine\5.9.1\junit-jupiter-engine-5.9.1.jar;C:\Users\arthu\.m2\repository\org\junit\platform\junit-platform-engine\1.9.1\junit-platform-engine-1.9.1.jar;C:\Users\arthu\.m2\repository\org\opentest4j\opentest4j\1.2.0\opentest4j-1.2.0.jar;C:\Users\arthu\.m2\repository\org\junit\platform\junit-platform-commons\1.9.1\junit-platform-commons-1.9.1.jar;C:\Users\arthu\.m2\repository\org\junit\jupiter\junit-jupiter-api\5.9.1\junit-jupiter-api-5.9.1.jar;C:\Users\arthu\.m2\repository\org\apiguardian\apiguardian-api\1.1.2\apiguardian-api-1.1.2.jar;C:\Users\arthu\.m2\repository\org\junit\vintage\junit-vintage-engine\5.9.1\junit-vintage-engine-5.9.1.jar;C:\Users\arthu\.m2\repository\junit\junit\4.13.2\junit-4.13.2.jar;C:\Users\arthu\.m2\repository\org\hamcrest\hamcrest-core\1.3\hamcrest-core-1.3.jar;C:\Users\arthu\.m2\repository\org\apache\pdfbox\pdfbox-tools\3.0.3\pdfbox-tools-3.0.3.jar;C:\Users\arthu\.m2\repository\org\apache\pdfbox\pdfbox-debugger\3.0.3\pdfbox-debugger-3.0.3.jar;C:\Users\arthu\.m2\repository\commons-io\commons-io\2.16.1\commons-io-2.16.1.jar;C:\Users\arthu\.m2\repository\info\picocli\picocli\4.7.6\picocli-4.7.6.jar;C:\Users\arthu\.m2\repository\org\apache\pdfbox\jbig2-imageio\3.0.3\jbig2-imageio-3.0.3.jar;C:\Users\arthu\.m2\repository\com\github\jai-imageio\jai-imageio-core\1.4.0\jai-imageio-core-1.4.0.jar;C:\Users\arthu\.m2\repository\com\twelvemonkeys\imageio\imageio-jpeg\3.12.0\imageio-jpeg-3.12.0.jar;C:\Users\arthu\.m2\repository\com\twelvemonkeys\imageio\imageio-core\3.12.0\imageio-core-3.12.0.jar;C:\Users\arthu\.m2\repository\com\twelvemonkeys\imageio\imageio-metadata\3.12.0\imageio-metadata-3.12.0.jar;C:\Users\arthu\.m2\repository\com\twelvemonkeys\common\common-lang\3.12.0\common-lang-3.12.0.jar;C:\Users\arthu\.m2\repository\com\twelvemonkeys\common\common-io\3.12.0\common-io-3.12.0.jar;C:\Users\arthu\.m2\repository\com\twelvemonkeys\common\common-image\3.12.0\common-image-3.12.0.jar;C:\Users\arthu\.m2\repository\org\bouncycastle\bcprov-jdk18on\1.78.1\bcprov-jdk18on-1.78.1.jar;C:\Users\arthu\.m2\repository\org\bouncycastle\bcmail-jdk18on\1.78.1\bcmail-jdk18on-1.78.1.jar;C:\Users\arthu\.m2\repository\org\bouncycastle\bcutil-jdk18on\1.78.1\bcutil-jdk18on-1.78.1.jar;C:\Users\arthu\.m2\repository\org\bouncycastle\bcpkix-jdk18on\1.78.1\bcpkix-jdk18on-1.78.1.jar;C:\Users\arthu\.m2\repository\javax\xml\bind\jaxb-api\2.3.1\jaxb-api-2.3.1.jar;C:\Users\arthu\.m2\repository\javax\activation\javax.activation-api\1.2.0\javax.activation-api-1.2.0.jar;C:\Users\arthu\.m2\repository\javax\activation\activation\1.1.1\activation-1.1.1.jar;C:\Users\arthu\.m2\repository\com\github\jai-imageio\jai-imageio-jpeg2000\1.4.0\jai-imageio-jpeg2000-1.4.0.jar;C:\Users\arthu\.m2\repository\org\netbeans\external\AbsoluteLayout\RELEASE210\AbsoluteLayout-RELEASE210.jar;"/>
    <property name="sun.cpu.endian" value="little"/>
    <property name="user.home" value="C:\Users\arthu"/>
    <property name="user.language" value="pt"/>
    <property name="java.specification.vendor" value="Oracle Corporation"/>
    <property name="java.version.date" value="2024-04-16"/>
    <property name="java.home" value="C:\Program Files\Java\jdk-22"/>
    <property name="file.separator" value="\"/>
    <property name="basedir" value="C:\Users\arthu\OneDrive\Documentos\NetBeansProjects\Aplicativo_Leitura_De_Livros"/>
    <property name="java.vm.compressedOopsMode" value="Zero based"/>
    <property name="line.separator" value="&#10;"/>
    <property name="java.vm.specification.vendor" value="Oracle Corporation"/>
    <property name="java.specification.name" value="Java Platform API Specification"/>
    <property name="surefire.real.class.path" value="C:\Users\arthu\AppData\Local\Temp\surefire2402712594503395274\surefirebooter-20241212113253534_3.jar"/>
    <property name="user.script" value=""/>
    <property name="sun.management.compiler" value="HotSpot 64-Bit Tiered Compilers"/>
    <property name="java.runtime.version" value="22.0.1+8-16"/>
    <property name="user.name" value="arthu"/>
    <property name="stdout.encoding" value="Cp1252"/>
    <property name="path.separator" value=";"/>
    <property name="os.version" value="10.0"/>
    <property name="java.runtime.name" value="Java(TM) SE Runtime Environment"/>
    <property name="file.encoding" value="UTF-8"/>
    <property name="java.vm.name" value="Java HotSpot(TM) 64-Bit Server VM"/>
    <property name="localRepository" value="C:\Users\arthu\.m2\repository"/>
    <property name="java.vendor.url.bug" value="https://bugreport.java.com/bugreport/"/>
    <property name="java.io.tmpdir" value="C:\Users\arthu\AppData\Local\Temp\"/>
    <property name="java.version" value="22.0.1"/>
    <property name="user.dir" value="C:\Users\arthu\OneDrive\Documentos\NetBeansProjects\Aplicativo_Leitura_De_Livros"/>
    <property name="os.arch" value="amd64"/>
    <property name="java.vm.specification.name" value="Java Virtual Machine Specification"/>
    <property name="sun.os.patch.level" value=""/>
    <property name="native.encoding" value="Cp1252"/>
    <property name="java.library.path" value="C:\Program Files\Java\jdk-22\bin;C:\WINDOWS\Sun\Java\bin;C:\WINDOWS\system32;C:\WINDOWS;C:\Users\arthu\bin;C:\Program Files\Git\mingw64\bin;C:\Program Files\Git\usr\local\bin;C:\Program Files\Git\usr\bin;C:\Program Files\Git\usr\bin;C:\Program Files\Git\mingw64\bin;C:\Program Files\Git\usr\bin;C:\Users\arthu\bin;C:\Program Files\Common Files\Oracle\Java\javapath;C:\windows\system32;C:\windows;C:\windows\System32\Wbem;C:\windows\System32\WindowsPowerShell\v1.0;C:\windows\System32\OpenSSH;C:\Program Files (x86)\NVIDIA Corporation\PhysX\Common;C:\Program Files\NVIDIA Corporation\NVIDIA NvDLISR;C:\WINDOWS\system32;C:\WINDOWS;C:\WINDOWS\System32\Wbem;C:\WINDOWS\System32\WindowsPowerShell\v1.0;C:\WINDOWS\System32\OpenSSH;C:\Program Files\nodejs;C:\Program Files\Git\cmd;C:\Users\arthu\OneDrive\Documentos\apache-maven-3.9.6\bin;C:\Program Files\Docker\Docker\resources\bin;C:\Users\arthu\AppData\Local\Programs\Python\Launcher;C:\Program Files\MySQL\MySQL Shell 8.0\bin;C:\Users\arthu\AppData\Local\Microsoft\WindowsApps;C:\Users\arthu\AppData\Local\Programs\Microsoft VS Code\bin;C:\Users\arthu\AppData\Roaming\npm;C:\Users\arthu\OneDrive\Documentos\apache-maven-3.9.6\bin;C:\Program Files\Git\usr\bin\vendor_perl;C:\Program Files\Git\usr\bin\core_perl;."/>
    <property name="java.vm.info" value="mixed mode, sharing"/>
    <property name="stderr.encoding" value="Cp1252"/>
    <property name="java.vendor" value="Oracle Corporation"/>
    <property name="java.vm.version" value="22.0.1+8-16"/>
    <property name="sun.io.unicode.encoding" value="UnicodeLittle"/>
    <property name="java.class.version" value="66.0"/>
  </properties>
  <testcase name="teste_localizarLivro" classname="com.test.Livros.Test_LeituraLivro" time="0.046">
    <system-out><![CDATA[Erro: java.io.FileNotFoundException: C:\Users\Teste\Documentos\Estudo\library\config.txt (O sistema não pode encontrar o caminho especificado)
]]></system-out>
  </testcase>
  <testcase name="teste_adicionarLivroNoConfig" classname="com.test.Livros.Test_LeituraLivro" time="0.003">
    <system-out><![CDATA[Erro: java.io.FileNotFoundException: C:\Users\Teste\Documentos\Estudo\library\config.txt (O sistema não pode encontrar o caminho especificado)
]]></system-out>
  </testcase>
  <testcase name="teste_CriarConfig" classname="com.test.Livros.Test_LeituraLivro" time="0.004">
    <system-out><![CDATA[Pasta já existe. Criando apenas arquivo config
Erro na criação da pasta: java.io.IOException: O sistema não pode encontrar o caminho especificado
]]></system-out>
  </testcase>
  <testcase name="teste_adicionarConfiguracaoNoConfig" classname="com.test.Livros.Test_LeituraLivro" time="0.003">
    <system-out><![CDATA[Erro: java.io.FileNotFoundException: C:\Users\Teste\Documentos\Estudo\library\config.txt (O sistema não pode encontrar o caminho especificado)
]]></system-out>
  </testcase>
  <testcase name="teste_acharPDFs" classname="com.test.Livros.Test_LeituraLivro" time="0.002"/>
</testsuite>